<?xml version="1.0" encoding="UTF-8"?>
<!-- Generated by org.testng.reporters.JUnitReportReporter -->
<testsuite hostname="NIKHARPC2" name="Ecommerce.HomeAdvisor.FindPros" tests="1" failures="0" timestamp="1 Nov 2017 16:34:42 GMT" time="10.545" errors="0">
  <testcase name="tofindPros" time="10.545" classname="Ecommerce.HomeAdvisor.FindPros"/>
</testsuite> <!-- Ecommerce.HomeAdvisor.FindPros -->
