<?xml version="1.0" encoding="UTF-8"?>
<!-- Generated by org.testng.reporters.JUnitReportReporter -->
<testsuite hostname="NIKHARPC2" name="Ecommerce.HomeAdvisor.BrowserCommands" tests="1" failures="0" timestamp="2 Nov 2017 14:40:54 GMT" time="15.059" errors="0">
  <testcase name="launchapp" time="15.059" classname="Ecommerce.HomeAdvisor.BrowserCommands"/>
</testsuite> <!-- Ecommerce.HomeAdvisor.BrowserCommands -->
