<?xml version="1.0" encoding="UTF-8"?>
<!-- Generated by org.testng.reporters.JUnitReportReporter -->
<testsuite hostname="NIKHARPC2" name="testngtutorials.DemoTest" tests="3" failures="0" timestamp="2 Nov 2017 15:39:01 GMT" time="0.011" errors="0">
  <testcase name="testcase2" time="0.001" classname="testngtutorials.DemoTest"/>
  <testcase name="testcase1" time="0.001" classname="testngtutorials.DemoTest"/>
  <testcase name="testcase3" time="0.009" classname="testngtutorials.DemoTest"/>
</testsuite> <!-- testngtutorials.DemoTest -->
