<?xml version="1.0" encoding="UTF-8"?>
<!-- Generated by org.testng.reporters.JUnitReportReporter -->
<testsuite hostname="NIKHARPC2" name="Ecommerce.HomeAdvisor.VerifyTitle" tests="1" failures="0" timestamp="2 Nov 2017 15:20:29 GMT" time="6.104" errors="0">
  <testcase name="testHomepage" time="6.104" classname="Ecommerce.HomeAdvisor.VerifyTitle"/>
</testsuite> <!-- Ecommerce.HomeAdvisor.VerifyTitle -->
