<?xml version="1.0" encoding="UTF-8"?>
<!-- Generated by org.testng.reporters.JUnitReportReporter -->
<testsuite hostname="NIKHARPC2" name="testngtutorials.AssertDemo1" tests="1" failures="0" timestamp="3 Nov 2017 04:25:13 GMT" time="4.947" errors="0">
  <testcase name="test1" time="4.947" classname="testngtutorials.AssertDemo1"/>
</testsuite> <!-- testngtutorials.AssertDemo1 -->
