<?xml version="1.0" encoding="UTF-8"?>
<!-- Generated by org.testng.reporters.JUnitReportReporter -->
<testsuite hostname="NIKHARPC2" name="Ecommerce.HomeAdvisor.IsSelectedDemo" tests="1" failures="0" timestamp="3 Nov 2017 03:54:22 GMT" time="16.245" errors="0">
  <testcase name="launchapp" time="16.245" classname="Ecommerce.HomeAdvisor.IsSelectedDemo"/>
</testsuite> <!-- Ecommerce.HomeAdvisor.IsSelectedDemo -->
