<?xml version="1.0" encoding="UTF-8"?>
<!-- Generated by org.testng.reporters.JUnitReportReporter -->
<testsuite hostname="NIKHARPC2" name="testngtutorials.DynamicXPathDemo" tests="1" failures="0" timestamp="3 Nov 2017 04:49:31 GMT" time="7.787" errors="0">
  <testcase name="facebook" time="7.787" classname="testngtutorials.DynamicXPathDemo"/>
</testsuite> <!-- testngtutorials.DynamicXPathDemo -->
