<?xml version="1.0" encoding="UTF-8"?>
<!-- Generated by org.testng.reporters.JUnitReportReporter -->
<testsuite hostname="NIKHARPC2" name="testngtutorials.DataDrivenExample" tests="1" failures="0" timestamp="11 Nov 2017 02:56:48 GMT" time="7.856" errors="0">
  <testcase name="getDataFromExcel" time="7.856" classname="testngtutorials.DataDrivenExample"/>
</testsuite> <!-- testngtutorials.DataDrivenExample -->
